<?xml version="1.0" encoding="UTF-8"?>
<!-- Generated by org.testng.reporters.JUnitXMLReporter -->
<testsuite ignored="0" hostname="TYSS-Shobha" failures="0" tests="3" name="Default test" time="39.598" errors="0" timestamp="2022-10-14T23:24:09 IST">
  <testcase classname="Pratice.DataProviderTest" name="companyDetails" time="13.434"/>
  <testcase classname="Pratice.DataProviderTest" name="companyDetails" time="13.121"/>
  <testcase classname="Pratice.DataProviderTest" name="companyDetails" time="12.998"/>
</testsuite> <!-- Default test -->
